<?xml version="1.0" encoding="UTF-8"?>
<testng-results ignored="0" total="1" passed="1" failed="0" skipped="0">
  <reporter-output>
  </reporter-output>
  <suite started-at="2021-04-24T12:14:19Z" name="Suite" finished-at="2021-04-24T12:14:34Z" duration-ms="14845">
    <groups>
    </groups>
    <test started-at="2021-04-24T12:14:19Z" name="Test" finished-at="2021-04-24T12:14:34Z" duration-ms="14845">
      <class name="hrm.test.com.TC001_Login">
        <test-method signature="beforeTest()[pri:0, instance:hrm.test.com.TC001_Login@214b199c]" started-at="2021-04-24T12:14:19Z" name="beforeTest" finished-at="2021-04-24T12:14:34Z" duration-ms="14808" status="PASS">
          <reporter-output>
          </reporter-output>
        </test-method> <!-- beforeTest -->
      </class> <!-- hrm.test.com.TC001_Login -->
    </test> <!-- Test -->
  </suite> <!-- Suite -->
</testng-results>
