<?xml version="1.0" encoding="UTF-8"?>
<testng-results ignored="0" total="1" passed="1" failed="0" skipped="0">
  <reporter-output>
  </reporter-output>
  <suite started-at="2021-04-27T13:02:50Z" name="Default suite" finished-at="2021-04-27T13:03:10Z" duration-ms="19720">
    <groups>
    </groups>
    <test started-at="2021-04-27T13:02:50Z" name="Default test" finished-at="2021-04-27T13:03:10Z" duration-ms="19720">
      <class name="hrm.test.com.TC001_Login">
        <test-method is-config="true" signature="beforeTest()[pri:0, instance:hrm.test.com.TC001_Login@14ec4505]" started-at="2021-04-27T13:02:50Z" name="beforeTest" finished-at="2021-04-27T13:02:59Z" duration-ms="9221" status="PASS">
          <reporter-output>
          </reporter-output>
        </test-method> <!-- beforeTest -->
        <test-method signature="loginHRM()[pri:0, instance:hrm.test.com.TC001_Login@14ec4505]" started-at="2021-04-27T13:02:59Z" name="loginHRM" finished-at="2021-04-27T13:03:09Z" duration-ms="10322" status="PASS">
          <reporter-output>
          </reporter-output>
        </test-method> <!-- loginHRM -->
        <test-method is-config="true" signature="LogoutHRM()[pri:0, instance:hrm.test.com.TC001_Login@14ec4505]" started-at="2021-04-27T13:03:10Z" name="LogoutHRM" finished-at="2021-04-27T13:03:10Z" duration-ms="0" status="PASS">
          <reporter-output>
          </reporter-output>
        </test-method> <!-- LogoutHRM -->
      </class> <!-- hrm.test.com.TC001_Login -->
    </test> <!-- Default test -->
  </suite> <!-- Default suite -->
</testng-results>
